[2026-02-27T18:35:51.957+0000] {local_task_job_runner.py:120} INFO - ::group::Pre task execution logs
[2026-02-27T18:35:51.964+0000] {taskinstance.py:2076} INFO - Dependencies all met for dep_context=non-requeueable deps ti=<TaskInstance: Airflow_Lab1.task_load_model_elbow manual__2026-02-27T18:35:39.730572+00:00 [queued]>
[2026-02-27T18:35:51.966+0000] {taskinstance.py:2076} INFO - Dependencies all met for dep_context=requeueable deps ti=<TaskInstance: Airflow_Lab1.task_load_model_elbow manual__2026-02-27T18:35:39.730572+00:00 [queued]>
[2026-02-27T18:35:51.966+0000] {taskinstance.py:2306} INFO - Starting attempt 1 of 1
[2026-02-27T18:35:51.969+0000] {taskinstance.py:2330} INFO - Executing <Task(_PythonDecoratedOperator): task_load_model_elbow> on 2026-02-27 18:35:39.730572+00:00
[2026-02-27T18:35:51.972+0000] {warnings.py:112} WARNING - /home/***/.local/lib/python3.12/site-packages/***/task/task_runner/standard_task_runner.py:61: DeprecationWarning: This process (pid=291) is multi-threaded, use of fork() may lead to deadlocks in the child.
  pid = os.fork()

[2026-02-27T18:35:51.972+0000] {standard_task_runner.py:63} INFO - Started process 303 to run task
[2026-02-27T18:35:51.973+0000] {standard_task_runner.py:90} INFO - Running: ['***', 'tasks', 'run', 'Airflow_Lab1', 'task_load_model_elbow', 'manual__2026-02-27T18:35:39.730572+00:00', '--job-id', '16', '--raw', '--subdir', 'DAGS_FOLDER/***.py', '--cfg-path', '/tmp/tmps55u039g']
[2026-02-27T18:35:51.974+0000] {standard_task_runner.py:91} INFO - Job 16: Subtask task_load_model_elbow
[2026-02-27T18:35:51.986+0000] {task_command.py:426} INFO - Running <TaskInstance: Airflow_Lab1.task_load_model_elbow manual__2026-02-27T18:35:39.730572+00:00 [running]> on host 30069ed62c79
[2026-02-27T18:35:52.016+0000] {taskinstance.py:2648} INFO - Exporting env vars: AIRFLOW_CTX_DAG_OWNER='Ankit Kumar Sahoo' AIRFLOW_CTX_DAG_ID='Airflow_Lab1' AIRFLOW_CTX_TASK_ID='task_load_model_elbow' AIRFLOW_CTX_EXECUTION_DATE='2026-02-27T18:35:39.730572+00:00' AIRFLOW_CTX_TRY_NUMBER='1' AIRFLOW_CTX_DAG_RUN_ID='manual__2026-02-27T18:35:39.730572+00:00'
[2026-02-27T18:35:52.016+0000] {taskinstance.py:430} INFO - ::endgroup::
[2026-02-27T18:35:52.018+0000] {logging_mixin.py:188} INFO - Optimal no. of clusters (BIC elbow): 4
[2026-02-27T18:35:52.021+0000] {warnings.py:112} WARNING - /home/***/.local/lib/python3.12/site-packages/sklearn/utils/validation.py:2684: UserWarning: X has feature names, but GaussianMixture was fitted without feature names
  warnings.warn(

[2026-02-27T18:35:52.022+0000] {logging_mixin.py:188} INFO - Predicted cluster for test sample: 2
[2026-02-27T18:35:52.022+0000] {python.py:237} INFO - Done. Returned value was: 2
[2026-02-27T18:35:52.022+0000] {taskinstance.py:441} INFO - ::group::Post task execution logs
[2026-02-27T18:35:52.029+0000] {taskinstance.py:1206} INFO - Marking task as SUCCESS. dag_id=Airflow_Lab1, task_id=task_load_model_elbow, run_id=manual__2026-02-27T18:35:39.730572+00:00, execution_date=20260227T183539, start_date=20260227T183551, end_date=20260227T183552
[2026-02-27T18:35:52.072+0000] {local_task_job_runner.py:240} INFO - Task exited with return code 0
[2026-02-27T18:35:52.078+0000] {taskinstance.py:3503} INFO - 0 downstream tasks scheduled from follow-on schedule check
[2026-02-27T18:35:52.079+0000] {local_task_job_runner.py:222} INFO - ::endgroup::
