[2026-02-27T21:41:20.406+0000] {local_task_job_runner.py:120} INFO - ::group::Pre task execution logs
[2026-02-27T21:41:20.413+0000] {taskinstance.py:2076} INFO - Dependencies all met for dep_context=non-requeueable deps ti=<TaskInstance: Airflow_Lab1.task_load_model_elbow manual__2026-02-27T21:41:07.265187+00:00 [queued]>
[2026-02-27T21:41:20.416+0000] {taskinstance.py:2076} INFO - Dependencies all met for dep_context=requeueable deps ti=<TaskInstance: Airflow_Lab1.task_load_model_elbow manual__2026-02-27T21:41:07.265187+00:00 [queued]>
[2026-02-27T21:41:20.416+0000] {taskinstance.py:2306} INFO - Starting attempt 1 of 1
[2026-02-27T21:41:20.420+0000] {taskinstance.py:2330} INFO - Executing <Task(_PythonDecoratedOperator): task_load_model_elbow> on 2026-02-27 21:41:07.265187+00:00
[2026-02-27T21:41:20.422+0000] {warnings.py:112} WARNING - /home/***/.local/lib/python3.12/site-packages/***/task/task_runner/standard_task_runner.py:61: DeprecationWarning: This process (pid=225) is multi-threaded, use of fork() may lead to deadlocks in the child.
  pid = os.fork()

[2026-02-27T21:41:20.423+0000] {standard_task_runner.py:63} INFO - Started process 237 to run task
[2026-02-27T21:41:20.423+0000] {standard_task_runner.py:90} INFO - Running: ['***', 'tasks', 'run', 'Airflow_Lab1', 'task_load_model_elbow', 'manual__2026-02-27T21:41:07.265187+00:00', '--job-id', '24', '--raw', '--subdir', 'DAGS_FOLDER/***.py', '--cfg-path', '/tmp/tmppobuafj1']
[2026-02-27T21:41:20.424+0000] {standard_task_runner.py:91} INFO - Job 24: Subtask task_load_model_elbow
[2026-02-27T21:41:20.438+0000] {task_command.py:426} INFO - Running <TaskInstance: Airflow_Lab1.task_load_model_elbow manual__2026-02-27T21:41:07.265187+00:00 [running]> on host a53d9f205e5f
[2026-02-27T21:41:20.468+0000] {taskinstance.py:2648} INFO - Exporting env vars: AIRFLOW_CTX_DAG_OWNER='Ankit Kumar Sahoo' AIRFLOW_CTX_DAG_ID='Airflow_Lab1' AIRFLOW_CTX_TASK_ID='task_load_model_elbow' AIRFLOW_CTX_EXECUTION_DATE='2026-02-27T21:41:07.265187+00:00' AIRFLOW_CTX_TRY_NUMBER='1' AIRFLOW_CTX_DAG_RUN_ID='manual__2026-02-27T21:41:07.265187+00:00'
[2026-02-27T21:41:20.468+0000] {taskinstance.py:430} INFO - ::endgroup::
[2026-02-27T21:41:20.470+0000] {logging_mixin.py:188} INFO - Optimal no. of clusters (BIC elbow): 4
[2026-02-27T21:41:20.472+0000] {warnings.py:112} WARNING - /home/***/.local/lib/python3.12/site-packages/sklearn/utils/validation.py:2684: UserWarning: X has feature names, but GaussianMixture was fitted without feature names
  warnings.warn(

[2026-02-27T21:41:20.473+0000] {logging_mixin.py:188} INFO - Predicted cluster for test sample: 2
[2026-02-27T21:41:20.473+0000] {python.py:237} INFO - Done. Returned value was: 2
[2026-02-27T21:41:20.473+0000] {taskinstance.py:441} INFO - ::group::Post task execution logs
[2026-02-27T21:41:20.480+0000] {taskinstance.py:1206} INFO - Marking task as SUCCESS. dag_id=Airflow_Lab1, task_id=task_load_model_elbow, run_id=manual__2026-02-27T21:41:07.265187+00:00, execution_date=20260227T214107, start_date=20260227T214120, end_date=20260227T214120
[2026-02-27T21:41:20.522+0000] {local_task_job_runner.py:240} INFO - Task exited with return code 0
[2026-02-27T21:41:20.528+0000] {taskinstance.py:3503} INFO - 0 downstream tasks scheduled from follow-on schedule check
[2026-02-27T21:41:20.528+0000] {local_task_job_runner.py:222} INFO - ::endgroup::
